2023-05-07 17:58:17,220:WARNING:
'cuml' is a soft dependency and not included in the pycaret installation. Please run: `pip install cuml` to install.
2023-05-07 17:58:17,221:WARNING:
'cuml' is a soft dependency and not included in the pycaret installation. Please run: `pip install cuml` to install.
2023-05-07 17:58:17,222:WARNING:
'cuml' is a soft dependency and not included in the pycaret installation. Please run: `pip install cuml` to install.
2023-05-07 17:58:17,222:WARNING:
'cuml' is a soft dependency and not included in the pycaret installation. Please run: `pip install cuml` to install.
2023-05-07 17:58:23,001:WARNING:
'prophet' is a soft dependency and not included in the pycaret installation. Please run: `pip install prophet` to install.
2023-05-07 18:09:13,607:WARNING:
'cuml' is a soft dependency and not included in the pycaret installation. Please run: `pip install cuml` to install.
2023-05-07 18:09:13,607:WARNING:
'cuml' is a soft dependency and not included in the pycaret installation. Please run: `pip install cuml` to install.
2023-05-07 18:09:13,607:WARNING:
'cuml' is a soft dependency and not included in the pycaret installation. Please run: `pip install cuml` to install.
2023-05-07 18:09:13,607:WARNING:
'cuml' is a soft dependency and not included in the pycaret installation. Please run: `pip install cuml` to install.
2023-05-07 18:09:14,372:WARNING:
'prophet' is a soft dependency and not included in the pycaret installation. Please run: `pip install prophet` to install.
2023-05-07 18:17:16,030:WARNING:
'cuml' is a soft dependency and not included in the pycaret installation. Please run: `pip install cuml` to install.
2023-05-07 18:17:16,031:WARNING:
'cuml' is a soft dependency and not included in the pycaret installation. Please run: `pip install cuml` to install.
2023-05-07 18:17:16,031:WARNING:
'cuml' is a soft dependency and not included in the pycaret installation. Please run: `pip install cuml` to install.
2023-05-07 18:17:16,031:WARNING:
'cuml' is a soft dependency and not included in the pycaret installation. Please run: `pip install cuml` to install.
2023-05-07 18:17:16,931:WARNING:
'prophet' is a soft dependency and not included in the pycaret installation. Please run: `pip install prophet` to install.
2023-05-07 18:18:22,821:INFO:PyCaret ClassificationExperiment
2023-05-07 18:18:22,822:INFO:Logging name: Workout
2023-05-07 18:18:22,822:INFO:ML Usecase: MLUsecase.CLASSIFICATION
2023-05-07 18:18:22,822:INFO:version 3.0.0
2023-05-07 18:18:22,822:INFO:Initializing setup()
2023-05-07 18:18:22,822:INFO:self.USI: 9b7f
2023-05-07 18:18:22,822:INFO:self._variable_keys: {'y', 'X', 'seed', '_ml_usecase', 'fold_groups_param', '_available_plots', 'data', 'gpu_param', 'X_train', 'fix_imbalance', 'n_jobs_param', 'gpu_n_jobs_param', 'exp_name_log', 'target_param', 'idx', 'X_test', 'exp_id', 'logging_param', 'y_test', 'log_plots_param', 'is_multiclass', 'y_train', 'pipeline', 'USI', 'fold_generator', 'fold_shuffle_param', 'html_param', 'memory'}
2023-05-07 18:18:22,822:INFO:Checking environment
2023-05-07 18:18:22,822:INFO:python_version: 3.7.4
2023-05-07 18:18:22,822:INFO:python_build: ('tags/v3.7.4:e09359112e', 'Jul  8 2019 20:34:20')
2023-05-07 18:18:22,822:INFO:machine: AMD64
2023-05-07 18:18:22,822:INFO:platform: Windows-10-10.0.19041-SP0
2023-05-07 18:18:22,830:INFO:Memory: svmem(total=16907886592, available=1434542080, percent=91.5, used=15473344512, free=1434542080)
2023-05-07 18:18:22,830:INFO:Physical Core: 4
2023-05-07 18:18:22,830:INFO:Logical Core: 8
2023-05-07 18:18:22,830:INFO:Checking libraries
2023-05-07 18:18:22,830:INFO:System:
2023-05-07 18:18:22,830:INFO:    python: 3.7.4 (tags/v3.7.4:e09359112e, Jul  8 2019, 20:34:20) [MSC v.1916 64 bit (AMD64)]
2023-05-07 18:18:22,830:INFO:executable: c:\Users\tonim\Desktop\proyectos\RealOrFake\env\Scripts\python.exe
2023-05-07 18:18:22,830:INFO:   machine: Windows-10-10.0.19041-SP0
2023-05-07 18:18:22,830:INFO:PyCaret required dependencies:
2023-05-07 18:18:22,830:INFO:                 pip: 23.1.2
2023-05-07 18:18:22,830:INFO:          setuptools: 67.7.2
2023-05-07 18:18:22,831:INFO:             pycaret: 3.0.0
2023-05-07 18:18:22,831:INFO:             IPython: 7.34.0
2023-05-07 18:18:22,831:INFO:          ipywidgets: 8.0.6
2023-05-07 18:18:22,831:INFO:                tqdm: 4.65.0
2023-05-07 18:18:22,831:INFO:               numpy: 1.21.6
2023-05-07 18:18:22,831:INFO:              pandas: 1.3.5
2023-05-07 18:18:22,831:INFO:              jinja2: 3.1.2
2023-05-07 18:18:22,831:INFO:               scipy: 1.7.3
2023-05-07 18:18:22,831:INFO:              joblib: 1.2.0
2023-05-07 18:18:22,831:INFO:             sklearn: 1.0.2
2023-05-07 18:18:22,831:INFO:                pyod: 1.0.9
2023-05-07 18:18:22,831:INFO:            imblearn: 0.10.1
2023-05-07 18:18:22,831:INFO:   category_encoders: 2.6.0
2023-05-07 18:18:22,831:INFO:            lightgbm: 3.3.5
2023-05-07 18:18:22,831:INFO:               numba: 0.56.4
2023-05-07 18:18:22,831:INFO:            requests: 2.30.0
2023-05-07 18:18:22,831:INFO:          matplotlib: 3.5.3
2023-05-07 18:18:22,831:INFO:          scikitplot: 0.3.7
2023-05-07 18:18:22,831:INFO:         yellowbrick: 1.5
2023-05-07 18:18:22,831:INFO:              plotly: 5.14.1
2023-05-07 18:18:22,831:INFO:             kaleido: 0.2.1
2023-05-07 18:18:22,831:INFO:         statsmodels: 0.13.5
2023-05-07 18:18:22,831:INFO:              sktime: 0.18.0
2023-05-07 18:18:22,831:INFO:               tbats: 1.1.3
2023-05-07 18:18:22,831:INFO:            pmdarima: 2.0.3
2023-05-07 18:18:22,831:INFO:              psutil: 5.9.5
2023-05-07 18:18:22,832:INFO:PyCaret optional dependencies:
2023-05-07 18:18:22,847:INFO:                shap: Not installed
2023-05-07 18:18:22,847:INFO:           interpret: Not installed
2023-05-07 18:18:22,847:INFO:                umap: Not installed
2023-05-07 18:18:22,847:INFO:    pandas_profiling: Not installed
2023-05-07 18:18:22,847:INFO:  explainerdashboard: Not installed
2023-05-07 18:18:22,847:INFO:             autoviz: Not installed
2023-05-07 18:18:22,847:INFO:           fairlearn: Not installed
2023-05-07 18:18:22,847:INFO:             xgboost: Installed but version unavailable
2023-05-07 18:18:22,847:INFO:            catboost: Not installed
2023-05-07 18:18:22,847:INFO:              kmodes: Not installed
2023-05-07 18:18:22,847:INFO:             mlxtend: Not installed
2023-05-07 18:18:22,847:INFO:       statsforecast: Not installed
2023-05-07 18:18:22,847:INFO:        tune_sklearn: Not installed
2023-05-07 18:18:22,847:INFO:                 ray: Not installed
2023-05-07 18:18:22,847:INFO:            hyperopt: Not installed
2023-05-07 18:18:22,848:INFO:              optuna: Not installed
2023-05-07 18:18:22,848:INFO:               skopt: Not installed
2023-05-07 18:18:22,848:INFO:              mlflow: 1.30.1
2023-05-07 18:18:22,848:INFO:              gradio: Not installed
2023-05-07 18:18:22,848:INFO:             fastapi: Not installed
2023-05-07 18:18:22,848:INFO:             uvicorn: Not installed
2023-05-07 18:18:22,848:INFO:              m2cgen: Not installed
2023-05-07 18:18:22,848:INFO:           evidently: Not installed
2023-05-07 18:18:22,848:INFO:               fugue: Not installed
2023-05-07 18:18:22,848:INFO:           streamlit: Not installed
2023-05-07 18:18:22,848:INFO:             prophet: Not installed
2023-05-07 18:18:22,848:INFO:None
2023-05-07 18:18:22,848:INFO:Set up data.
2023-05-07 18:31:19,329:WARNING:
'cuml' is a soft dependency and not included in the pycaret installation. Please run: `pip install cuml` to install.
2023-05-07 18:31:19,330:WARNING:
'cuml' is a soft dependency and not included in the pycaret installation. Please run: `pip install cuml` to install.
2023-05-07 18:31:19,330:WARNING:
'cuml' is a soft dependency and not included in the pycaret installation. Please run: `pip install cuml` to install.
2023-05-07 18:31:19,330:WARNING:
'cuml' is a soft dependency and not included in the pycaret installation. Please run: `pip install cuml` to install.
2023-05-07 18:31:20,529:WARNING:
'prophet' is a soft dependency and not included in the pycaret installation. Please run: `pip install prophet` to install.
2023-05-07 18:52:24,718:WARNING:
'cuml' is a soft dependency and not included in the pycaret installation. Please run: `pip install cuml` to install.
2023-05-07 18:52:24,719:WARNING:
'cuml' is a soft dependency and not included in the pycaret installation. Please run: `pip install cuml` to install.
2023-05-07 18:52:24,719:WARNING:
'cuml' is a soft dependency and not included in the pycaret installation. Please run: `pip install cuml` to install.
2023-05-07 18:52:24,719:WARNING:
'cuml' is a soft dependency and not included in the pycaret installation. Please run: `pip install cuml` to install.
2023-05-07 18:52:25,782:WARNING:
'prophet' is a soft dependency and not included in the pycaret installation. Please run: `pip install prophet` to install.
2023-05-07 18:58:01,579:WARNING:
'cuml' is a soft dependency and not included in the pycaret installation. Please run: `pip install cuml` to install.
2023-05-07 18:58:01,580:WARNING:
'cuml' is a soft dependency and not included in the pycaret installation. Please run: `pip install cuml` to install.
2023-05-07 18:58:01,580:WARNING:
'cuml' is a soft dependency and not included in the pycaret installation. Please run: `pip install cuml` to install.
2023-05-07 18:58:01,580:WARNING:
'cuml' is a soft dependency and not included in the pycaret installation. Please run: `pip install cuml` to install.
2023-05-07 18:58:02,705:WARNING:
'prophet' is a soft dependency and not included in the pycaret installation. Please run: `pip install prophet` to install.
2023-05-07 19:23:33,754:WARNING:
'cuml' is a soft dependency and not included in the pycaret installation. Please run: `pip install cuml` to install.
2023-05-07 19:23:33,755:WARNING:
'cuml' is a soft dependency and not included in the pycaret installation. Please run: `pip install cuml` to install.
2023-05-07 19:23:33,755:WARNING:
'cuml' is a soft dependency and not included in the pycaret installation. Please run: `pip install cuml` to install.
2023-05-07 19:23:33,755:WARNING:
'cuml' is a soft dependency and not included in the pycaret installation. Please run: `pip install cuml` to install.
2023-05-07 19:23:34,770:WARNING:
'prophet' is a soft dependency and not included in the pycaret installation. Please run: `pip install prophet` to install.
2023-05-07 19:26:42,111:WARNING:
'cuml' is a soft dependency and not included in the pycaret installation. Please run: `pip install cuml` to install.
2023-05-07 19:26:42,112:WARNING:
'cuml' is a soft dependency and not included in the pycaret installation. Please run: `pip install cuml` to install.
2023-05-07 19:26:42,112:WARNING:
'cuml' is a soft dependency and not included in the pycaret installation. Please run: `pip install cuml` to install.
2023-05-07 19:26:42,112:WARNING:
'cuml' is a soft dependency and not included in the pycaret installation. Please run: `pip install cuml` to install.
2023-05-07 19:26:42,964:WARNING:
'prophet' is a soft dependency and not included in the pycaret installation. Please run: `pip install prophet` to install.
